
  .   ____          _            __ _ _
 /\\ / ___'_ __ _ _(_)_ __  __ _ \ \ \ \
( ( )\___ | '_ | '_| | '_ \/ _` | \ \ \ \
 \\/  ___)| |_)| | | | | || (_| |  ) ) ) )
  '  |____| .__|_| |_|_| |_\__, | / / / /
 =========|_|==============|___/=/_/_/_/
 :: Spring Boot ::                (v3.2.5)

2026-03-01T04:48:16.806Z  INFO 1 --- [simple-api] [           main] c.j.simpleapi.SimpleApiApplication       : Starting SimpleApiApplication v0.0.1-SNAPSHOT using Java 17.0.11 with PID 1 (/App/api.jar started by root in /)
2026-03-01T04:48:16.810Z  INFO 1 --- [simple-api] [           main] c.j.simpleapi.SimpleApiApplication       : No active profile set, falling back to 1 default profile: "default"
2026-03-01T04:48:17.584Z  INFO 1 --- [simple-api] [           main] .s.d.r.c.RepositoryConfigurationDelegate : Multiple Spring Data modules found, entering strict repository configuration mode
2026-03-01T04:48:17.586Z  INFO 1 --- [simple-api] [           main] .s.d.r.c.RepositoryConfigurationDelegate : Bootstrapping Spring Data Redis repositories in DEFAULT mode.
2026-03-01T04:48:17.683Z  INFO 1 --- [simple-api] [           main] .s.d.r.c.RepositoryConfigurationDelegate : Finished Spring Data repository scanning in 87 ms. Found 2 Redis repository interfaces.
2026-03-01T04:48:18.013Z  INFO 1 --- [simple-api] [           main] o.s.b.w.embedded.tomcat.TomcatWebServer  : Tomcat initialized with port 8080 (http)
2026-03-01T04:48:18.025Z  INFO 1 --- [simple-api] [           main] o.apache.catalina.core.StandardService   : Starting service [Tomcat]
2026-03-01T04:48:18.025Z  INFO 1 --- [simple-api] [           main] o.apache.catalina.core.StandardEngine    : Starting Servlet engine: [Apache Tomcat/10.1.20]
2026-03-01T04:48:18.049Z  INFO 1 --- [simple-api] [           main] o.a.c.c.C.[Tomcat].[localhost].[/]       : Initializing Spring embedded WebApplicationContext
2026-03-01T04:48:18.050Z  INFO 1 --- [simple-api] [           main] w.s.c.ServletWebServerApplicationContext : Root WebApplicationContext: initialization completed in 1151 ms
2026-03-01T04:48:19.122Z  INFO 1 --- [simple-api] [           main] o.s.b.a.e.web.EndpointLinksResolver      : Exposing 14 endpoint(s) beneath base path '/actuator'
2026-03-01T04:48:19.169Z  INFO 1 --- [simple-api] [           main] o.s.b.w.embedded.tomcat.TomcatWebServer  : Tomcat started on port 8080 (http) with context path ''
2026-03-01T04:48:19.181Z  INFO 1 --- [simple-api] [           main] c.j.simpleapi.SimpleApiApplication       : Started SimpleApiApplication in 2.733 seconds (process running for 3.062)
2026-03-01T04:48:19.207Z  INFO 1 --- [simple-api] [           main] com.jkaninda.simpleapi.seed.AppRunner    : Seed::  Database seed on boot is disabled
2026-03-01T04:50:00.011Z  INFO 1 --- [simple-api] [   scheduling-1] c.jkaninda.simpleapi.cron.SimpleCronJob  : CronJob:: I'm a Springboot cronJob, and I'm running at every 5 minutes
2026-03-01T04:55:00.001Z  INFO 1 --- [simple-api] [   scheduling-1] c.jkaninda.simpleapi.cron.SimpleCronJob  : CronJob:: I'm a Springboot cronJob, and I'm running at every 5 minutes
